kotlin version: 2.0.21
error message: org.jetbrains.kotlin.backend.common.BackendException: Backend Internal error: Exception during IR lowering
File being compiled: C:/Users/sanro/Documents/Company/SanchezSystems/Konfio/DogsApp/app/feature/dogs/src/main/java/com/example/dogs/presentation/ui/DogItem.kt
The root cause java.lang.RuntimeException was thrown at: org.jetbrains.kotlin.backend.jvm.codegen.FunctionCodegen.generate(FunctionCodegen.kt:47)
	at org.jetbrains.kotlin.backend.common.CodegenUtil.reportBackendException(CodegenUtil.kt:253)
	at org.jetbrains.kotlin.backend.common.CodegenUtil.reportBackendException$default(CodegenUtil.kt:236)
	at org.jetbrains.kotlin.backend.common.phaser.PerformByIrFilePhase.invokeSequential(performByIrFile.kt:65)
	at org.jetbrains.kotlin.backend.common.phaser.PerformByIrFilePhase.invoke(performByIrFile.kt:52)
	at org.jetbrains.kotlin.backend.common.phaser.PerformByIrFilePhase.invoke(performByIrFile.kt:38)
	at org.jetbrains.kotlin.backend.common.phaser.NamedCompilerPhase.phaseBody(CompilerPhase.kt:166)
	at org.jetbrains.kotlin.backend.common.phaser.AbstractNamedCompilerPhase.invoke(CompilerPhase.kt:113)
	at org.jetbrains.kotlin.backend.common.phaser.CompositePhase.invoke(PhaseBuilders.kt:27)
	at org.jetbrains.kotlin.backend.common.phaser.CompositePhase.invoke(PhaseBuilders.kt:14)
	at org.jetbrains.kotlin.backend.common.phaser.NamedCompilerPhase.phaseBody(CompilerPhase.kt:166)
	at org.jetbrains.kotlin.backend.common.phaser.AbstractNamedCompilerPhase.invoke(CompilerPhase.kt:113)
	at org.jetbrains.kotlin.backend.common.phaser.CompilerPhaseKt.invokeToplevel(CompilerPhase.kt:62)
	at org.jetbrains.kotlin.backend.jvm.JvmIrCodegenFactory.invokeCodegen(JvmIrCodegenFactory.kt:371)
	at org.jetbrains.kotlin.codegen.CodegenFactory.generateModule(CodegenFactory.kt:47)
	at org.jetbrains.kotlin.backend.jvm.JvmIrCodegenFactory.generateModuleInFrontendIRMode(JvmIrCodegenFactory.kt:433)
	at org.jetbrains.kotlin.cli.jvm.compiler.pipeline.JvmCompilerPipelineKt.generateCodeFromIr(jvmCompilerPipeline.kt:246)
	at org.jetbrains.kotlin.cli.jvm.compiler.pipeline.JvmCompilerPipelineKt.compileModulesUsingFrontendIrAndLightTree(jvmCompilerPipeline.kt:142)
	at org.jetbrains.kotlin.cli.jvm.K2JVMCompiler.doExecute(K2JVMCompiler.kt:148)
	at org.jetbrains.kotlin.cli.jvm.K2JVMCompiler.doExecute(K2JVMCompiler.kt:43)
	at org.jetbrains.kotlin.cli.common.CLICompiler.execImpl(CLICompiler.kt:103)
	at org.jetbrains.kotlin.cli.common.CLICompiler.execImpl(CLICompiler.kt:49)
	at org.jetbrains.kotlin.cli.common.CLITool.exec(CLITool.kt:101)
	at org.jetbrains.kotlin.daemon.CompileServiceImpl.compile(CompileServiceImpl.kt:1555)
	at java.base/jdk.internal.reflect.DirectMethodHandleAccessor.invoke(Unknown Source)
	at java.base/java.lang.reflect.Method.invoke(Unknown Source)
	at java.rmi/sun.rmi.server.UnicastServerRef.dispatch(Unknown Source)
	at java.rmi/sun.rmi.transport.Transport$1.run(Unknown Source)
	at java.rmi/sun.rmi.transport.Transport$1.run(Unknown Source)
	at java.base/java.security.AccessController.doPrivileged(Unknown Source)
	at java.rmi/sun.rmi.transport.Transport.serviceCall(Unknown Source)
	at java.rmi/sun.rmi.transport.tcp.TCPTransport.handleMessages(Unknown Source)
	at java.rmi/sun.rmi.transport.tcp.TCPTransport$ConnectionHandler.run0(Unknown Source)
	at java.rmi/sun.rmi.transport.tcp.TCPTransport$ConnectionHandler.lambda$run$0(Unknown Source)
	at java.base/java.security.AccessController.doPrivileged(Unknown Source)
	at java.rmi/sun.rmi.transport.tcp.TCPTransport$ConnectionHandler.run(Unknown Source)
	at java.base/java.util.concurrent.ThreadPoolExecutor.runWorker(Unknown Source)
	at java.base/java.util.concurrent.ThreadPoolExecutor$Worker.run(Unknown Source)
	at java.base/java.lang.Thread.run(Unknown Source)
Caused by: java.lang.RuntimeException: Exception while generating code for:
FUN LOCAL_FUNCTION_FOR_LAMBDA name:DogItem$lambda$2 visibility:private modality:FINAL <> ($dog:com.example.dogs.domain.model.Dog, $this$Card:androidx.compose.foundation.layout.ColumnScope) returnType:kotlin.Unit?
  VALUE_PARAMETER BOUND_VALUE_PARAMETER name:$dog index:0 type:com.example.dogs.domain.model.Dog
  VALUE_PARAMETER name:$this$Card index:1 type:androidx.compose.foundation.layout.ColumnScope
  BLOCK_BODY
    CALL 'public final fun Row$default (modifier: androidx.compose.ui.Modifier?, horizontalArrangement: androidx.compose.foundation.layout.Arrangement.Horizontal?, verticalAlignment: androidx.compose.ui.Alignment.Vertical?, content: @[Composable] @[ExtensionFunctionType] kotlin.Function1<androidx.compose.foundation.layout.RowScope, kotlin.Unit>, $mask0: kotlin.Int, $handler: kotlin.Any?): kotlin.Unit [inline] declared in androidx.compose.foundation.layout.RowKt' type=kotlin.Unit origin=DEFAULT_DISPATCH_CALL
      modifier: CALL 'public final fun padding-3ABfNKs (all: androidx.compose.ui.unit.Dp): androidx.compose.ui.Modifier declared in androidx.compose.foundation.layout.PaddingKt' type=androidx.compose.ui.Modifier origin=null
        $receiver: CALL 'public final fun fillMaxWidth$default (fraction: kotlin.Float, $mask0: kotlin.Int, $handler: kotlin.Any?): androidx.compose.ui.Modifier declared in androidx.compose.foundation.layout.SizeKt' type=androidx.compose.ui.Modifier origin=DEFAULT_DISPATCH_CALL
          $receiver: GET_FIELD 'FIELD FIELD_FOR_OBJECT_INSTANCE name:Companion type:androidx.compose.ui.Modifier.Companion visibility:public [final,static] declared in androidx.compose.ui.Modifier' type=androidx.compose.ui.Modifier.Companion origin=null
          fraction: COMPOSITE type=kotlin.Float origin=DEFAULT_VALUE
            CONST Float type=kotlin.Float value=0.0
          $mask0: CONST Int type=kotlin.Int value=1
          $handler: CONST Null type=kotlin.Any? value=null
        all: CALL 'public final fun <get-dp> (): androidx.compose.ui.unit.Dp [inline] declared in androidx.compose.ui.unit.DpKt' type=androidx.compose.ui.unit.Dp origin=GET_PROPERTY
          $receiver: CONST Int type=kotlin.Int value=16
      horizontalArrangement: COMPOSITE type=androidx.compose.foundation.layout.Arrangement.Horizontal? origin=DEFAULT_VALUE
        CONST Null type=androidx.compose.foundation.layout.Arrangement.Horizontal? value=null
      verticalAlignment: CALL 'public final fun <get-CenterVertically> (): androidx.compose.ui.Alignment.Vertical declared in androidx.compose.ui.Alignment.Companion' type=androidx.compose.ui.Alignment.Vertical origin=GET_PROPERTY
        $this: GET_FIELD 'FIELD FIELD_FOR_OBJECT_INSTANCE name:Companion type:androidx.compose.ui.Alignment.Companion visibility:public [final,static] declared in androidx.compose.ui.Alignment' type=androidx.compose.ui.Alignment.Companion origin=null
      content: BLOCK type=@[ExtensionFunctionType] kotlin.Function1<androidx.compose.foundation.layout.RowScope, kotlin.Unit> origin=LAMBDA
        COMPOSITE type=kotlin.Unit origin=null
        FUNCTION_REFERENCE 'private final fun DogItem$lambda$2$lambda$1 ($dog: com.example.dogs.domain.model.Dog): kotlin.Unit declared in com.example.dogs.presentation.ui.DogItemKt' type=@[ExtensionFunctionType] kotlin.Function1<androidx.compose.foundation.layout.RowScope, kotlin.Unit> origin=INLINE_LAMBDA reflectionTarget=null
          $dog: GET_VAR '$dog: com.example.dogs.domain.model.Dog declared in com.example.dogs.presentation.ui.DogItemKt.DogItem$lambda$2' type=com.example.dogs.domain.model.Dog origin=null
      $mask0: CONST Int type=kotlin.Int value=2
      $handler: CONST Null type=kotlin.Any? value=null

	at org.jetbrains.kotlin.backend.jvm.codegen.FunctionCodegen.generate(FunctionCodegen.kt:47)
	at org.jetbrains.kotlin.backend.jvm.codegen.FunctionCodegen.generate$default(FunctionCodegen.kt:40)
	at org.jetbrains.kotlin.backend.jvm.codegen.ClassCodegen.generateMethodNode(ClassCodegen.kt:406)
	at org.jetbrains.kotlin.backend.jvm.codegen.ClassCodegen.generateMethod(ClassCodegen.kt:423)
	at org.jetbrains.kotlin.backend.jvm.codegen.ClassCodegen.generate(ClassCodegen.kt:168)
	at org.jetbrains.kotlin.backend.jvm.FileCodegen.lower(JvmPhases.kt:39)
	at org.jetbrains.kotlin.backend.common.phaser.PhaseFactoriesKt.createFilePhase$lambda$4(PhaseFactories.kt:71)
	at org.jetbrains.kotlin.backend.common.phaser.PhaseBuildersKt$createSimpleNamedCompilerPhase$1.phaseBody(PhaseBuilders.kt:69)
	at org.jetbrains.kotlin.backend.common.phaser.SimpleNamedCompilerPhase.phaseBody(CompilerPhase.kt:226)
	at org.jetbrains.kotlin.backend.common.phaser.AbstractNamedCompilerPhase.invoke(CompilerPhase.kt:113)
	at org.jetbrains.kotlin.backend.common.phaser.PerformByIrFilePhase.invokeSequential(performByIrFile.kt:62)
	... 35 more
Caused by: java.lang.RuntimeException: Exception while generating code for:
FUN INLINE_LAMBDA name:DogItem$lambda$2$lambda$1 visibility:private modality:FINAL <> ($receiver:androidx.compose.foundation.layout.RowScope, $dog:com.example.dogs.domain.model.Dog) returnType:kotlin.Unit
  $receiver: VALUE_PARAMETER name:$this$Row type:androidx.compose.foundation.layout.RowScope
  VALUE_PARAMETER BOUND_VALUE_PARAMETER name:$dog index:0 type:com.example.dogs.domain.model.Dog
  BLOCK_BODY
    VAR name:$i$a$-Row$default-DogItemKt$DogItem$1$1 type:kotlin.Int [val]
      CONST Int type=kotlin.Int value=0
    CALL 'public final fun AsyncImage-i7fNOAQ$default (model: kotlin.Any?, contentDescription: kotlin.String?, modifier: androidx.compose.ui.Modifier?, transform: kotlin.Function1<coil.compose.AsyncImagePainter.State, coil.compose.AsyncImagePainter.State>?, onState: kotlin.Function1<coil.compose.AsyncImagePainter.State, kotlin.Unit>?, alignment: androidx.compose.ui.Alignment?, contentScale: androidx.compose.ui.layout.ContentScale?, alpha: kotlin.Float, colorFilter: androidx.compose.ui.graphics.ColorFilter?, filterQuality: androidx.compose.ui.graphics.FilterQuality, $mask0: kotlin.Int, $handler: kotlin.Any?): kotlin.Unit declared in coil.compose.SingletonAsyncImageKt' type=kotlin.Unit origin=DEFAULT_DISPATCH_CALL
      model: CALL 'public final fun <get-url> (): kotlin.String declared in com.example.dogs.domain.model.Dog' type=kotlin.String origin=GET_PROPERTY
        $this: GET_VAR '$dog: com.example.dogs.domain.model.Dog declared in com.example.dogs.presentation.ui.DogItemKt.DogItem$lambda$2$lambda$1' type=com.example.dogs.domain.model.Dog origin=null
      contentDescription: STRING_CONCATENATION type=kotlin.String
        CONST String type=kotlin.String value="Imagen de "
        CALL 'public final fun <get-dogName> (): kotlin.String declared in com.example.dogs.domain.model.Dog' type=kotlin.String origin=GET_PROPERTY
          $this: GET_VAR '$dog: com.example.dogs.domain.model.Dog declared in com.example.dogs.presentation.ui.DogItemKt.DogItem$lambda$2$lambda$1' type=com.example.dogs.domain.model.Dog origin=null
      modifier: CALL 'public final fun clip (shape: androidx.compose.ui.graphics.Shape): androidx.compose.ui.Modifier declared in androidx.compose.ui.draw.ClipKt' type=androidx.compose.ui.Modifier origin=null
        $receiver: CALL 'public final fun size-3ABfNKs (size: androidx.compose.ui.unit.Dp): androidx.compose.ui.Modifier declared in androidx.compose.foundation.layout.SizeKt' type=androidx.compose.ui.Modifier origin=null
          $receiver: GET_FIELD 'FIELD FIELD_FOR_OBJECT_INSTANCE name:Companion type:androidx.compose.ui.Modifier.Companion visibility:public [final,static] declared in androidx.compose.ui.Modifier' type=androidx.compose.ui.Modifier.Companion origin=null
          size: CALL 'public final fun <get-dp> (): androidx.compose.ui.unit.Dp [inline] declared in androidx.compose.ui.unit.DpKt' type=androidx.compose.ui.unit.Dp origin=GET_PROPERTY
            $receiver: CONST Int type=kotlin.Int value=80
        shape: CALL 'public final fun RoundedCornerShape-0680j_4 (size: androidx.compose.ui.unit.Dp): androidx.compose.foundation.shape.RoundedCornerShape declared in androidx.compose.foundation.shape.RoundedCornerShapeKt' type=androidx.compose.foundation.shape.RoundedCornerShape origin=null
          size: CALL 'public final fun <get-dp> (): androidx.compose.ui.unit.Dp [inline] declared in androidx.compose.ui.unit.DpKt' type=androidx.compose.ui.unit.Dp origin=GET_PROPERTY
            $receiver: CONST Int type=kotlin.Int value=8
      transform: COMPOSITE type=kotlin.Function1<coil.compose.AsyncImagePainter.State, coil.compose.AsyncImagePainter.State>? origin=DEFAULT_VALUE
        CONST Null type=kotlin.Function1<coil.compose.AsyncImagePainter.State, coil.compose.AsyncImagePainter.State>? value=null
      onState: COMPOSITE type=kotlin.Function1<coil.compose.AsyncImagePainter.State, kotlin.Unit>? origin=DEFAULT_VALUE
        CONST Null type=kotlin.Function1<coil.compose.AsyncImagePainter.State, kotlin.Unit>? value=null
      alignment: COMPOSITE type=androidx.compose.ui.Alignment? origin=DEFAULT_VALUE
        CONST Null type=androidx.compose.ui.Alignment? value=null
      contentScale: CALL 'public final fun <get-Crop> (): androidx.compose.ui.layout.ContentScale declared in androidx.compose.ui.layout.ContentScale.Companion' type=androidx.compose.ui.layout.ContentScale origin=GET_PROPERTY
        $this: GET_FIELD 'FIELD FIELD_FOR_OBJECT_INSTANCE name:Companion type:androidx.compose.ui.layout.ContentScale.Companion visibility:public [final,static] declared in androidx.compose.ui.layout.ContentScale' type=androidx.compose.ui.layout.ContentScale.Companion origin=null
      alpha: COMPOSITE type=kotlin.Float origin=DEFAULT_VALUE
        CONST Float type=kotlin.Float value=0.0
      colorFilter: COMPOSITE type=androidx.compose.ui.graphics.ColorFilter? origin=DEFAULT_VALUE
        CONST Null type=androidx.compose.ui.graphics.ColorFilter? value=null
      filterQuality: COMPOSITE type=androidx.compose.ui.graphics.FilterQuality origin=DEFAULT_VALUE
        CALL 'public final fun <unsafe-coerce> <T, R> (v: T of kotlin.jvm.internal.<unsafe-coerce>): R of kotlin.jvm.internal.<unsafe-coerce> declared in kotlin.jvm.internal' type=androidx.compose.ui.graphics.FilterQuality origin=null
          <T>: kotlin.Int
          <R>: androidx.compose.ui.graphics.FilterQuality
          v: CONST Int type=kotlin.Int value=0
      $mask0: CONST Int type=kotlin.Int value=952
      $handler: CONST Null type=kotlin.Any? value=null
    CALL 'public final fun Spacer (modifier: androidx.compose.ui.Modifier): kotlin.Unit declared in androidx.compose.foundation.layout.SpacerKt' type=kotlin.Unit origin=null
      modifier: CALL 'public final fun width-3ABfNKs (width: androidx.compose.ui.unit.Dp): androidx.compose.ui.Modifier declared in androidx.compose.foundation.layout.SizeKt' type=androidx.compose.ui.Modifier origin=null
        $receiver: GET_FIELD 'FIELD FIELD_FOR_OBJECT_INSTANCE name:Companion type:androidx.compose.ui.Modifier.Companion visibility:public [final,static] declared in androidx.compose.ui.Modifier' type=androidx.compose.ui.Modifier.Companion origin=null
        width: CALL 'public final fun <get-dp> (): androidx.compose.ui.unit.Dp [inline] declared in androidx.compose.ui.unit.DpKt' type=androidx.compose.ui.unit.Dp origin=GET_PROPERTY
          $receiver: CONST Int type=kotlin.Int value=16
    CALL 'public final fun Column$default (modifier: androidx.compose.ui.Modifier?, verticalArrangement: androidx.compose.foundation.layout.Arrangement.Vertical?, horizontalAlignment: androidx.compose.ui.Alignment.Horizontal?, content: @[Composable] @[ExtensionFunctionType] kotlin.Function1<androidx.compose.foundation.layout.ColumnScope, kotlin.Unit>, $mask0: kotlin.Int, $handler: kotlin.Any?): kotlin.Unit [inline] declared in androidx.compose.foundation.layout.ColumnKt' type=kotlin.Unit origin=DEFAULT_DISPATCH_CALL
      modifier: CALL 'public final fun weight$default ($this: androidx.compose.foundation.layout.RowScope, $receiver: androidx.compose.ui.Modifier, weight: kotlin.Float, fill: kotlin.Boolean, $mask0: kotlin.Int, $handler: kotlin.Any?): androidx.compose.ui.Modifier declared in androidx.compose.foundation.layout.RowScope' type=androidx.compose.ui.Modifier origin=DEFAULT_DISPATCH_CALL
        $this: GET_VAR '$this$Row: androidx.compose.foundation.layout.RowScope declared in com.example.dogs.presentation.ui.DogItemKt.DogItem$lambda$2$lambda$1' type=androidx.compose.foundation.layout.RowScope origin=null
        $receiver: GET_FIELD 'FIELD FIELD_FOR_OBJECT_INSTANCE name:Companion type:androidx.compose.ui.Modifier.Companion visibility:public [final,static] declared in androidx.compose.ui.Modifier' type=androidx.compose.ui.Modifier.Companion origin=null
        weight: CONST Float type=kotlin.Float value=1.0
        fill: COMPOSITE type=kotlin.Boolean origin=DEFAULT_VALUE
          CONST Boolean type=kotlin.Boolean value=false
        $mask0: CONST Int type=kotlin.Int value=2
        $handler: CONST Null type=kotlin.Any? value=null
      verticalArrangement: COMPOSITE type=androidx.compose.foundation.layout.Arrangement.Vertical? origin=DEFAULT_VALUE
        CONST Null type=androidx.compose.foundation.layout.Arrangement.Vertical? value=null
      horizontalAlignment: COMPOSITE type=androidx.compose.ui.Alignment.Horizontal? origin=DEFAULT_VALUE
        CONST Null type=androidx.compose.ui.Alignment.Horizontal? value=null
      content: BLOCK type=@[ExtensionFunctionType] kotlin.Function1<androidx.compose.foundation.layout.ColumnScope, kotlin.Unit> origin=LAMBDA
        COMPOSITE type=kotlin.Unit origin=null
        FUNCTION_REFERENCE 'private final fun DogItem$lambda$2$lambda$1$lambda$0 ($dog: com.example.dogs.domain.model.Dog): kotlin.Unit declared in com.example.dogs.presentation.ui.DogItemKt' type=@[ExtensionFunctionType] kotlin.Function1<androidx.compose.foundation.layout.ColumnScope, kotlin.Unit> origin=INLINE_LAMBDA reflectionTarget=null
          $dog: GET_VAR '$dog: com.example.dogs.domain.model.Dog declared in com.example.dogs.presentation.ui.DogItemKt.DogItem$lambda$2$lambda$1' type=com.example.dogs.domain.model.Dog origin=null
      $mask0: CONST Int type=kotlin.Int value=6
      $handler: CONST Null type=kotlin.Any? value=null

	at org.jetbrains.kotlin.backend.jvm.codegen.FunctionCodegen.generate(FunctionCodegen.kt:47)
	at org.jetbrains.kotlin.backend.jvm.codegen.IrSourceCompilerForInline.generateLambdaBody(IrSourceCompilerForInline.kt:67)
	at org.jetbrains.kotlin.codegen.inline.ExpressionLambda.generateLambdaBody(LambdaInfo.kt:72)
	at org.jetbrains.kotlin.backend.jvm.codegen.IrInlineCodegen.genValueAndPut(IrInlineCodegen.kt:100)
	at org.jetbrains.kotlin.backend.jvm.codegen.ExpressionCodegen.visitCall$handleParameter(ExpressionCodegen.kt:616)
	at org.jetbrains.kotlin.backend.jvm.codegen.ExpressionCodegen.visitCall(ExpressionCodegen.kt:644)
	at org.jetbrains.kotlin.backend.jvm.codegen.ExpressionCodegen.visitCall(ExpressionCodegen.kt:138)
	at org.jetbrains.kotlin.ir.expressions.IrCall.accept(IrCall.kt:24)
	at org.jetbrains.kotlin.backend.jvm.codegen.ExpressionCodegen.visitStatementContainer(ExpressionCodegen.kt:579)
	at org.jetbrains.kotlin.backend.jvm.codegen.ExpressionCodegen.visitBlockBody(ExpressionCodegen.kt:584)
	at org.jetbrains.kotlin.backend.jvm.codegen.ExpressionCodegen.visitBlockBody(ExpressionCodegen.kt:138)
	at org.jetbrains.kotlin.ir.expressions.IrBlockBody.accept(IrBlockBody.kt:20)
	at org.jetbrains.kotlin.backend.jvm.codegen.ExpressionCodegen.generate(ExpressionCodegen.kt:240)
	at org.jetbrains.kotlin.backend.jvm.codegen.FunctionCodegen.doGenerate(FunctionCodegen.kt:123)
	at org.jetbrains.kotlin.backend.jvm.codegen.FunctionCodegen.generate(FunctionCodegen.kt:44)
	... 45 more
Caused by: org.jetbrains.kotlin.codegen.CompilationException: Back-end (JVM) Internal error: Couldn't inline method call: CALL 'public final fun Column$default (modifier: androidx.compose.ui.Modifier?, verticalArrangement: androidx.compose.foundation.layout.Arrangement.Vertical?, horizontalAlignment: androidx.compose.ui.Alignment.Horizontal?, content: @[Composable] @[ExtensionFunctionType] kotlin.Function1<androidx.compose.foundation.layout.ColumnScope, kotlin.Unit>, $mask0: kotlin.Int, $handler: kotlin.Any?): kotlin.Unit [inline] declared in androidx.compose.foundation.layout.ColumnKt' type=kotlin.Unit origin=DEFAULT_DISPATCH_CALL
Method: null
File is unknown
The root cause java.lang.IllegalStateException was thrown at: org.jetbrains.kotlin.codegen.inline.SourceCompilerForInlineKt.getMethodNode(SourceCompilerForInline.kt:118)
	at org.jetbrains.kotlin.codegen.inline.InlineCodegen.performInline(InlineCodegen.kt:65)
	at org.jetbrains.kotlin.backend.jvm.codegen.IrInlineCodegen.genInlineCall(IrInlineCodegen.kt:163)
	at org.jetbrains.kotlin.backend.jvm.codegen.IrInlineCallGenerator.genCall(IrInlineCallGenerator.kt:36)
	at org.jetbrains.kotlin.backend.jvm.codegen.ExpressionCodegen.visitCall(ExpressionCodegen.kt:653)
	at org.jetbrains.kotlin.backend.jvm.codegen.ExpressionCodegen.visitCall(ExpressionCodegen.kt:138)
	at org.jetbrains.kotlin.ir.expressions.IrCall.accept(IrCall.kt:24)
	at org.jetbrains.kotlin.backend.jvm.codegen.ExpressionCodegen.visitStatementContainer(ExpressionCodegen.kt:579)
	at org.jetbrains.kotlin.backend.jvm.codegen.ExpressionCodegen.visitBlockBody(ExpressionCodegen.kt:584)
	at org.jetbrains.kotlin.backend.jvm.codegen.ExpressionCodegen.visitBlockBody(ExpressionCodegen.kt:138)
	at org.jetbrains.kotlin.ir.expressions.IrBlockBody.accept(IrBlockBody.kt:20)
	at org.jetbrains.kotlin.backend.jvm.codegen.ExpressionCodegen.generate(ExpressionCodegen.kt:240)
	at org.jetbrains.kotlin.backend.jvm.codegen.FunctionCodegen.doGenerate(FunctionCodegen.kt:123)
	at org.jetbrains.kotlin.backend.jvm.codegen.FunctionCodegen.generate(FunctionCodegen.kt:44)
	... 59 more
Caused by: java.lang.IllegalStateException: couldn't find inline method Landroidx/compose/foundation/layout/ColumnKt;.Column$default(Landroidx/compose/ui/Modifier;Landroidx/compose/foundation/layout/Arrangement$Vertical;Landroidx/compose/ui/Alignment$Horizontal;Lkotlin/jvm/functions/Function1;ILjava/lang/Object;)V
	at org.jetbrains.kotlin.codegen.inline.SourceCompilerForInlineKt.getMethodNode(SourceCompilerForInline.kt:118)
	at org.jetbrains.kotlin.codegen.inline.SourceCompilerForInlineKt.loadCompiledInlineFunction(SourceCompilerForInline.kt:96)
	at org.jetbrains.kotlin.backend.jvm.codegen.IrSourceCompilerForInline.compileInlineFunction(IrSourceCompilerForInline.kt:91)
	at org.jetbrains.kotlin.codegen.inline.InlineCodegen.compileInline(InlineCodegen.kt:43)
	at org.jetbrains.kotlin.codegen.inline.InlineCodegen.performInline(InlineCodegen.kt:51)
	... 71 more


